  Compiling CUDA source file kernel.cu...
  
  C:\Users\RD\Google Drive\Working\VS2015\OpenCVTest\cuda>"C:\Program Files\NVIDIA GPU Computing Toolkit\CUDA\v8.0\bin\nvcc.exe" -gencode=arch=compute_20,code=\"sm_20,compute_20\" --use-local-env --cl-version 2015 -ccbin "C:\Program Files (x86)\Microsoft Visual Studio 14.0\VC\bin\x86_amd64"  -IC:\Users\RD\Downloads\Programs\OpenCV2\opencv\build\include -I"C:\Program Files\NVIDIA GPU Computing Toolkit\CUDA\v8.0\include" -I"C:\Program Files\NVIDIA GPU Computing Toolkit\CUDA\v8.0\include"  -G   --keep-dir x64\Debug -maxrregcount=0  --machine 64 --compile -cudart static  -g   -DWIN32 -DWIN64 -D_DEBUG -D_CONSOLE -D_MBCS -Xcompiler "/EHsc /W3 /nologo /Od /FS /Zi /RTC1 /MDd " -o x64\Debug\kernel.cu.obj "C:\Users\RD\Google Drive\Working\VS2015\OpenCVTest\cuda\kernel.cu" 
C:\Users\RD\Downloads\Programs\OpenCV2\opencv\build\include\opencv2/core/base.hpp(365): warning : function declared with "noreturn" does return
C:/Users/RD/Google Drive/Working/VS2015/OpenCVTest/cuda/kernel.cu(178): warning : variable "value" was declared but never referenced
C:/Users/RD/Google Drive/Working/VS2015/OpenCVTest/cuda/kernel.cu(275): warning : variable "M" was declared but never referenced
C:/Users/RD/Google Drive/Working/VS2015/OpenCVTest/cuda/kernel.cu(308): warning : variable "M" was declared but never referenced
C:/Users/RD/Google Drive/Working/VS2015/OpenCVTest/cuda/kernel.cu(354): warning : variable "radius" was declared but never referenced
C:/Users/RD/Google Drive/Working/VS2015/OpenCVTest/cuda/kernel.cu(355): warning : variable "order" was declared but never referenced
C:/Users/RD/Google Drive/Working/VS2015/OpenCVTest/cuda/kernel.cu(690): warning : variable "h_D" was declared but never referenced
C:/Users/RD/Google Drive/Working/VS2015/OpenCVTest/cuda/kernel.cu(935): warning : variable "start_s_cop" was declared but never referenced
C:\Program Files\NVIDIA GPU Computing Toolkit\CUDA\v8.0\include\thrust/system/cuda/detail/for_each.inl(153): warning : calling a __host__ function("std::_Iterator_base12::_Iterator_base12") from a __host__ __device__ function("std::_Iterator_base12::_Iterator_base12 [subobject]") is not allowed
C:\Program Files\NVIDIA GPU Computing Toolkit\CUDA\v8.0\include\thrust/system/cuda/detail/for_each.inl(153): warning : calling a __host__ function("std::_Iterator_base12::~_Iterator_base12") from a __host__ __device__ function("std::_Iterator_base12::~_Iterator_base12 [subobject]") is not allowed
C:\Program Files\NVIDIA GPU Computing Toolkit\CUDA\v8.0\include\thrust/system/cuda/detail/synchronize.inl(35): warning : calling a __host__ function("cudaDeviceSynchronize") from a __host__ __device__ function("thrust::system::cuda::detail::synchronize") is not allowed
C:\Users\RD\Downloads\Programs\OpenCV2\opencv\build\include\opencv2/core/base.hpp(365): warning : function declared with "noreturn" does return
C:/Users/RD/Google Drive/Working/VS2015/OpenCVTest/cuda/kernel.cu(178): warning : variable "value" was declared but never referenced
C:/Users/RD/Google Drive/Working/VS2015/OpenCVTest/cuda/kernel.cu(275): warning : variable "M" was declared but never referenced
C:/Users/RD/Google Drive/Working/VS2015/OpenCVTest/cuda/kernel.cu(308): warning : variable "M" was declared but never referenced
C:/Users/RD/Google Drive/Working/VS2015/OpenCVTest/cuda/kernel.cu(354): warning : variable "radius" was declared but never referenced
C:/Users/RD/Google Drive/Working/VS2015/OpenCVTest/cuda/kernel.cu(355): warning : variable "order" was declared but never referenced
C:/Users/RD/Google Drive/Working/VS2015/OpenCVTest/cuda/kernel.cu(690): warning : variable "h_D" was declared but never referenced
C:/Users/RD/Google Drive/Working/VS2015/OpenCVTest/cuda/kernel.cu(935): warning : variable "start_s_cop" was declared but never referenced
CUDACOMPILE : nvcc warning : The 'compute_20', 'sm_20', and 'sm_21' architectures are deprecated, and may be removed in a future release (Use -Wno-deprecated-gpu-targets to suppress warning).
  kernel.cu
C:/Users/RD/Google Drive/Working/VS2015/OpenCVTest/cuda/kernel.cu(283): warning C4244: '=': conversion from 'double' to 'float', possible loss of data
C:/Users/RD/Google Drive/Working/VS2015/OpenCVTest/cuda/kernel.cu(319): warning C4244: '=': conversion from 'double' to 'float', possible loss of data
C:/Users/RD/Google Drive/Working/VS2015/OpenCVTest/cuda/kernel.cu(475): warning C4244: 'argument': conversion from 'double' to 'int', possible loss of data
C:/Users/RD/Google Drive/Working/VS2015/OpenCVTest/cuda/kernel.cu(480): warning C4244: 'argument': conversion from 'double' to 'int', possible loss of data
C:/Users/RD/Google Drive/Working/VS2015/OpenCVTest/cuda/kernel.cu(484): warning C4244: 'argument': conversion from 'double' to 'int', possible loss of data
C:/Users/RD/Google Drive/Working/VS2015/OpenCVTest/cuda/kernel.cu(492): warning C4244: 'argument': conversion from 'double' to 'int', possible loss of data
C:/Users/RD/Google Drive/Working/VS2015/OpenCVTest/cuda/kernel.cu(567): warning C4244: 'argument': conversion from 'double' to 'int', possible loss of data
C:/Users/RD/Google Drive/Working/VS2015/OpenCVTest/cuda/kernel.cu(568): warning C4244: 'argument': conversion from 'double' to 'int', possible loss of data
C:/Users/RD/Google Drive/Working/VS2015/OpenCVTest/cuda/kernel.cu(586): warning C4244: 'argument': conversion from 'double' to 'int', possible loss of data
C:/Users/RD/Google Drive/Working/VS2015/OpenCVTest/cuda/kernel.cu(604): warning C4244: 'argument': conversion from 'double' to 'int', possible loss of data
C:/Users/RD/Google Drive/Working/VS2015/OpenCVTest/cuda/kernel.cu(605): warning C4244: 'argument': conversion from 'double' to 'int', possible loss of data
C:/Users/RD/Google Drive/Working/VS2015/OpenCVTest/cuda/kernel.cu(648): warning C4244: 'argument': conversion from 'double' to 'int', possible loss of data
C:/Users/RD/Google Drive/Working/VS2015/OpenCVTest/cuda/kernel.cu(666): warning C4244: 'argument': conversion from 'double' to 'int', possible loss of data
C:/Users/RD/Google Drive/Working/VS2015/OpenCVTest/cuda/kernel.cu(667): warning C4244: 'argument': conversion from 'double' to 'int', possible loss of data
C:/Users/RD/Google Drive/Working/VS2015/OpenCVTest/cuda/kernel.cu(782): warning C4244: 'argument': conversion from 'double' to 'int', possible loss of data
C:/Users/RD/Google Drive/Working/VS2015/OpenCVTest/cuda/kernel.cu(690): warning C4101: 'h_D': unreferenced local variable
C:/Users/RD/Google Drive/Working/VS2015/OpenCVTest/cuda/kernel.cu(804): warning C4244: 'argument': conversion from 'double' to 'int', possible loss of data
C:/Users/RD/Google Drive/Working/VS2015/OpenCVTest/cuda/kernel.cu(805): warning C4244: 'argument': conversion from 'double' to 'int', possible loss of data
C:/Users/RD/Google Drive/Working/VS2015/OpenCVTest/cuda/kernel.cu(910): warning C4244: 'argument': conversion from 'double' to 'int', possible loss of data
C:/Users/RD/Google Drive/Working/VS2015/OpenCVTest/cuda/kernel.cu(929): warning C4244: 'argument': conversion from 'double' to 'int', possible loss of data
C:/Users/RD/Google Drive/Working/VS2015/OpenCVTest/cuda/kernel.cu(930): warning C4244: 'argument': conversion from 'double' to 'int', possible loss of data
C:/Users/RD/Google Drive/Working/VS2015/OpenCVTest/cuda/kernel.cu(958): warning C4244: 'argument': conversion from 'double' to 'int', possible loss of data
C:/Users/RD/Google Drive/Working/VS2015/OpenCVTest/cuda/kernel.cu(981): warning C4244: 'argument': conversion from 'double' to 'int', possible loss of data
C:/Users/RD/Google Drive/Working/VS2015/OpenCVTest/cuda/kernel.cu(1096): warning C4244: 'argument': conversion from 'time_t' to 'unsigned int', possible loss of data
C:/Users/RD/Google Drive/Working/VS2015/OpenCVTest/cuda/kernel.cu(1114): warning C4244: 'initializing': conversion from 'int64' to 'double', possible loss of data
  cuda.vcxproj -> C:\Users\RD\Google Drive\Working\VS2015\OpenCVTest\x64\Debug\cuda\cuda.exe
  cuda.vcxproj -> C:\Users\RD\Google Drive\Working\VS2015\OpenCVTest\x64\Debug\cuda\cuda.pdb (Full PDB)
  copy "C:\Program Files\NVIDIA GPU Computing Toolkit\CUDA\v8.0\bin\cudart*.dll" "C:\Users\RD\Google Drive\Working\VS2015\OpenCVTest\x64\Debug\cuda\"
  C:\Program Files\NVIDIA GPU Computing Toolkit\CUDA\v8.0\bin\cudart32_80.dll
  C:\Program Files\NVIDIA GPU Computing Toolkit\CUDA\v8.0\bin\cudart64_80.dll
          2 file(s) copied.
